22-3월-2024 23:05:13.664 ERROR [queueScheduler-1] reactor.util.Loggers$Slf4JLogger.error:315 - Operator called default onErrorDropped
reactor.core.Exceptions$ErrorCallbackNotImplemented: org.apache.james.queue.api.MailQueue$MailQueueException: Unable to dequeue next message;
  nested exception is:
	javax.jms.JMSException: java.lang.InterruptedException
Caused by: org.apache.james.queue.api.MailQueue$MailQueueException: Unable to dequeue next message
	at org.apache.james.queue.jms.JMSCacheableMailQueue.deQueueOneItem(JMSCacheableMailQueue.java:260) ~[james-server-queue-jms-3.7.5.jar:3.7.5]
	at reactor.core.publisher.MonoDefer.subscribe(MonoDefer.java:44) ~[reactor-core-3.4.13.jar:3.4.13]
	at reactor.core.publisher.FluxRepeatPredicate$RepeatPredicateSubscriber.resubscribe(FluxRepeatPredicate.java:120) ~[reactor-core-3.4.13.jar:3.4.13]
	at reactor.core.publisher.MonoRepeatPredicate.subscribeOrReturn(MonoRepeatPredicate.java:48) ~[reactor-core-3.4.13.jar:3.4.13]
	at reactor.core.publisher.InternalFluxOperator.subscribe(InternalFluxOperator.java:55) ~[reactor-core-3.4.13.jar:3.4.13]
	at reactor.core.publisher.FluxSubscribeOn$SubscribeOnSubscriber.run(FluxSubscribeOn.java:194) ~[reactor-core-3.4.13.jar:3.4.13]
	at reactor.core.scheduler.WorkerTask.call(WorkerTask.java:84) ~[reactor-core-3.4.13.jar:3.4.13]
	at reactor.core.scheduler.WorkerTask.call(WorkerTask.java:37) ~[reactor-core-3.4.13.jar:3.4.13]
	at java.util.concurrent.FutureTask.run(FutureTask.java:317) ~[?:?]
	at java.util.concurrent.ScheduledThreadPoolExecutor$ScheduledFutureTask.run(ScheduledThreadPoolExecutor.java:304) ~[?:?]
	at java.util.concurrent.ThreadPoolExecutor.runWorker(ThreadPoolExecutor.java:1144) ~[?:?]
	at java.util.concurrent.ThreadPoolExecutor$Worker.run(ThreadPoolExecutor.java:642) ~[?:?]
	at java.lang.Thread.run(Thread.java:1583) ~[?:?]
Caused by: javax.jms.JMSException: java.lang.InterruptedException
	at org.apache.activemq.util.JMSExceptionSupport.create(JMSExceptionSupport.java:80) ~[activemq-client-5.17.2.jar:5.17.2]
	at org.apache.activemq.ActiveMQMessageConsumer.dequeue(ActiveMQMessageConsumer.java:535) ~[activemq-client-5.17.2.jar:5.17.2]
	at org.apache.activemq.ActiveMQMessageConsumer.receive(ActiveMQMessageConsumer.java:663) ~[activemq-client-5.17.2.jar:5.17.2]
	at org.apache.james.queue.jms.JMSCacheableMailQueue.deQueueOneItem(JMSCacheableMailQueue.java:245) ~[james-server-queue-jms-3.7.5.jar:3.7.5]
	at reactor.core.publisher.MonoDefer.subscribe(MonoDefer.java:44) ~[reactor-core-3.4.13.jar:3.4.13]
	at reactor.core.publisher.FluxRepeatPredicate$RepeatPredicateSubscriber.resubscribe(FluxRepeatPredicate.java:120) ~[reactor-core-3.4.13.jar:3.4.13]
	at reactor.core.publisher.MonoRepeatPredicate.subscribeOrReturn(MonoRepeatPredicate.java:48) ~[reactor-core-3.4.13.jar:3.4.13]
	at reactor.core.publisher.InternalFluxOperator.subscribe(InternalFluxOperator.java:55) ~[reactor-core-3.4.13.jar:3.4.13]
	at reactor.core.publisher.FluxSubscribeOn$SubscribeOnSubscriber.run(FluxSubscribeOn.java:194) ~[reactor-core-3.4.13.jar:3.4.13]
	at reactor.core.scheduler.WorkerTask.call(WorkerTask.java:84) ~[reactor-core-3.4.13.jar:3.4.13]
	at reactor.core.scheduler.WorkerTask.call(WorkerTask.java:37) ~[reactor-core-3.4.13.jar:3.4.13]
	at java.util.concurrent.FutureTask.run(FutureTask.java:317) ~[?:?]
	at java.util.concurrent.ScheduledThreadPoolExecutor$ScheduledFutureTask.run(ScheduledThreadPoolExecutor.java:304) ~[?:?]
	at java.util.concurrent.ThreadPoolExecutor.runWorker(ThreadPoolExecutor.java:1144) ~[?:?]
	at java.util.concurrent.ThreadPoolExecutor$Worker.run(ThreadPoolExecutor.java:642) ~[?:?]
	at java.lang.Thread.run(Thread.java:1583) ~[?:?]
Caused by: java.lang.InterruptedException
	at java.lang.Object.wait0(Native Method) ~[?:?]
	at java.lang.Object.wait(Object.java:366) ~[?:?]
	at java.lang.Object.wait(Object.java:339) ~[?:?]
	at org.apache.activemq.FifoMessageDispatchChannel.dequeue(FifoMessageDispatchChannel.java:72) ~[activemq-client-5.17.2.jar:5.17.2]
	at org.apache.activemq.ActiveMQMessageConsumer.dequeue(ActiveMQMessageConsumer.java:498) ~[activemq-client-5.17.2.jar:5.17.2]
	at org.apache.activemq.ActiveMQMessageConsumer.receive(ActiveMQMessageConsumer.java:663) ~[activemq-client-5.17.2.jar:5.17.2]
	at org.apache.james.queue.jms.JMSCacheableMailQueue.deQueueOneItem(JMSCacheableMailQueue.java:245) ~[james-server-queue-jms-3.7.5.jar:3.7.5]
	at reactor.core.publisher.MonoDefer.subscribe(MonoDefer.java:44) ~[reactor-core-3.4.13.jar:3.4.13]
	at reactor.core.publisher.FluxRepeatPredicate$RepeatPredicateSubscriber.resubscribe(FluxRepeatPredicate.java:120) ~[reactor-core-3.4.13.jar:3.4.13]
	at reactor.core.publisher.MonoRepeatPredicate.subscribeOrReturn(MonoRepeatPredicate.java:48) ~[reactor-core-3.4.13.jar:3.4.13]
	at reactor.core.publisher.InternalFluxOperator.subscribe(InternalFluxOperator.java:55) ~[reactor-core-3.4.13.jar:3.4.13]
	at reactor.core.publisher.FluxSubscribeOn$SubscribeOnSubscriber.run(FluxSubscribeOn.java:194) ~[reactor-core-3.4.13.jar:3.4.13]
	at reactor.core.scheduler.WorkerTask.call(WorkerTask.java:84) ~[reactor-core-3.4.13.jar:3.4.13]
	at reactor.core.scheduler.WorkerTask.call(WorkerTask.java:37) ~[reactor-core-3.4.13.jar:3.4.13]
	at java.util.concurrent.FutureTask.run(FutureTask.java:317) ~[?:?]
	at java.util.concurrent.ScheduledThreadPoolExecutor$ScheduledFutureTask.run(ScheduledThreadPoolExecutor.java:304) ~[?:?]
	at java.util.concurrent.ThreadPoolExecutor.runWorker(ThreadPoolExecutor.java:1144) ~[?:?]
	at java.util.concurrent.ThreadPoolExecutor$Worker.run(ThreadPoolExecutor.java:642) ~[?:?]
	at java.lang.Thread.run(Thread.java:1583) ~[?:?]
23-3월-2024 13:58:56.863 ERROR [queueScheduler-1] reactor.util.Loggers$Slf4JLogger.error:315 - Operator called default onErrorDropped
reactor.core.Exceptions$ErrorCallbackNotImplemented: org.apache.james.queue.api.MailQueue$MailQueueException: Unable to dequeue next message;
  nested exception is:
	javax.jms.JMSException: java.lang.InterruptedException
Caused by: org.apache.james.queue.api.MailQueue$MailQueueException: Unable to dequeue next message
	at org.apache.james.queue.jms.JMSCacheableMailQueue.deQueueOneItem(JMSCacheableMailQueue.java:260) ~[james-server-queue-jms-3.7.5.jar:3.7.5]
	at reactor.core.publisher.MonoDefer.subscribe(MonoDefer.java:44) ~[reactor-core-3.4.13.jar:3.4.13]
	at reactor.core.publisher.FluxRepeatPredicate$RepeatPredicateSubscriber.resubscribe(FluxRepeatPredicate.java:120) ~[reactor-core-3.4.13.jar:3.4.13]
	at reactor.core.publisher.MonoRepeatPredicate.subscribeOrReturn(MonoRepeatPredicate.java:48) ~[reactor-core-3.4.13.jar:3.4.13]
	at reactor.core.publisher.InternalFluxOperator.subscribe(InternalFluxOperator.java:55) ~[reactor-core-3.4.13.jar:3.4.13]
	at reactor.core.publisher.FluxSubscribeOn$SubscribeOnSubscriber.run(FluxSubscribeOn.java:194) ~[reactor-core-3.4.13.jar:3.4.13]
	at reactor.core.scheduler.WorkerTask.call(WorkerTask.java:84) ~[reactor-core-3.4.13.jar:3.4.13]
	at reactor.core.scheduler.WorkerTask.call(WorkerTask.java:37) ~[reactor-core-3.4.13.jar:3.4.13]
	at java.util.concurrent.FutureTask.run(FutureTask.java:317) ~[?:?]
	at java.util.concurrent.ScheduledThreadPoolExecutor$ScheduledFutureTask.run(ScheduledThreadPoolExecutor.java:304) ~[?:?]
	at java.util.concurrent.ThreadPoolExecutor.runWorker(ThreadPoolExecutor.java:1144) ~[?:?]
	at java.util.concurrent.ThreadPoolExecutor$Worker.run(ThreadPoolExecutor.java:642) ~[?:?]
	at java.lang.Thread.run(Thread.java:1583) ~[?:?]
Caused by: javax.jms.JMSException: java.lang.InterruptedException
	at org.apache.activemq.util.JMSExceptionSupport.create(JMSExceptionSupport.java:80) ~[activemq-client-5.17.2.jar:5.17.2]
	at org.apache.activemq.ActiveMQMessageConsumer.dequeue(ActiveMQMessageConsumer.java:535) ~[activemq-client-5.17.2.jar:5.17.2]
	at org.apache.activemq.ActiveMQMessageConsumer.receive(ActiveMQMessageConsumer.java:663) ~[activemq-client-5.17.2.jar:5.17.2]
	at org.apache.james.queue.jms.JMSCacheableMailQueue.deQueueOneItem(JMSCacheableMailQueue.java:245) ~[james-server-queue-jms-3.7.5.jar:3.7.5]
	at reactor.core.publisher.MonoDefer.subscribe(MonoDefer.java:44) ~[reactor-core-3.4.13.jar:3.4.13]
	at reactor.core.publisher.FluxRepeatPredicate$RepeatPredicateSubscriber.resubscribe(FluxRepeatPredicate.java:120) ~[reactor-core-3.4.13.jar:3.4.13]
	at reactor.core.publisher.MonoRepeatPredicate.subscribeOrReturn(MonoRepeatPredicate.java:48) ~[reactor-core-3.4.13.jar:3.4.13]
	at reactor.core.publisher.InternalFluxOperator.subscribe(InternalFluxOperator.java:55) ~[reactor-core-3.4.13.jar:3.4.13]
	at reactor.core.publisher.FluxSubscribeOn$SubscribeOnSubscriber.run(FluxSubscribeOn.java:194) ~[reactor-core-3.4.13.jar:3.4.13]
	at reactor.core.scheduler.WorkerTask.call(WorkerTask.java:84) ~[reactor-core-3.4.13.jar:3.4.13]
	at reactor.core.scheduler.WorkerTask.call(WorkerTask.java:37) ~[reactor-core-3.4.13.jar:3.4.13]
	at java.util.concurrent.FutureTask.run(FutureTask.java:317) ~[?:?]
	at java.util.concurrent.ScheduledThreadPoolExecutor$ScheduledFutureTask.run(ScheduledThreadPoolExecutor.java:304) ~[?:?]
	at java.util.concurrent.ThreadPoolExecutor.runWorker(ThreadPoolExecutor.java:1144) ~[?:?]
	at java.util.concurrent.ThreadPoolExecutor$Worker.run(ThreadPoolExecutor.java:642) ~[?:?]
	at java.lang.Thread.run(Thread.java:1583) ~[?:?]
Caused by: java.lang.InterruptedException
	at java.lang.Object.wait0(Native Method) ~[?:?]
	at java.lang.Object.wait(Object.java:366) ~[?:?]
	at java.lang.Object.wait(Object.java:339) ~[?:?]
	at org.apache.activemq.FifoMessageDispatchChannel.dequeue(FifoMessageDispatchChannel.java:72) ~[activemq-client-5.17.2.jar:5.17.2]
	at org.apache.activemq.ActiveMQMessageConsumer.dequeue(ActiveMQMessageConsumer.java:498) ~[activemq-client-5.17.2.jar:5.17.2]
	at org.apache.activemq.ActiveMQMessageConsumer.receive(ActiveMQMessageConsumer.java:663) ~[activemq-client-5.17.2.jar:5.17.2]
	at org.apache.james.queue.jms.JMSCacheableMailQueue.deQueueOneItem(JMSCacheableMailQueue.java:245) ~[james-server-queue-jms-3.7.5.jar:3.7.5]
	at reactor.core.publisher.MonoDefer.subscribe(MonoDefer.java:44) ~[reactor-core-3.4.13.jar:3.4.13]
	at reactor.core.publisher.FluxRepeatPredicate$RepeatPredicateSubscriber.resubscribe(FluxRepeatPredicate.java:120) ~[reactor-core-3.4.13.jar:3.4.13]
	at reactor.core.publisher.MonoRepeatPredicate.subscribeOrReturn(MonoRepeatPredicate.java:48) ~[reactor-core-3.4.13.jar:3.4.13]
	at reactor.core.publisher.InternalFluxOperator.subscribe(InternalFluxOperator.java:55) ~[reactor-core-3.4.13.jar:3.4.13]
	at reactor.core.publisher.FluxSubscribeOn$SubscribeOnSubscriber.run(FluxSubscribeOn.java:194) ~[reactor-core-3.4.13.jar:3.4.13]
	at reactor.core.scheduler.WorkerTask.call(WorkerTask.java:84) ~[reactor-core-3.4.13.jar:3.4.13]
	at reactor.core.scheduler.WorkerTask.call(WorkerTask.java:37) ~[reactor-core-3.4.13.jar:3.4.13]
	at java.util.concurrent.FutureTask.run(FutureTask.java:317) ~[?:?]
	at java.util.concurrent.ScheduledThreadPoolExecutor$ScheduledFutureTask.run(ScheduledThreadPoolExecutor.java:304) ~[?:?]
	at java.util.concurrent.ThreadPoolExecutor.runWorker(ThreadPoolExecutor.java:1144) ~[?:?]
	at java.util.concurrent.ThreadPoolExecutor$Worker.run(ThreadPoolExecutor.java:642) ~[?:?]
	at java.lang.Thread.run(Thread.java:1583) ~[?:?]
23-3월-2024 14:01:58.752 ERROR [queueScheduler-1] reactor.util.Loggers$Slf4JLogger.error:315 - Operator called default onErrorDropped
reactor.core.Exceptions$ErrorCallbackNotImplemented: org.apache.james.queue.api.MailQueue$MailQueueException: Unable to dequeue next message;
  nested exception is:
	javax.jms.JMSException: java.lang.InterruptedException
Caused by: org.apache.james.queue.api.MailQueue$MailQueueException: Unable to dequeue next message
	at org.apache.james.queue.jms.JMSCacheableMailQueue.deQueueOneItem(JMSCacheableMailQueue.java:260) ~[james-server-queue-jms-3.7.5.jar:3.7.5]
	at reactor.core.publisher.MonoDefer.subscribe(MonoDefer.java:44) ~[reactor-core-3.4.13.jar:3.4.13]
	at reactor.core.publisher.FluxRepeatPredicate$RepeatPredicateSubscriber.resubscribe(FluxRepeatPredicate.java:120) ~[reactor-core-3.4.13.jar:3.4.13]
	at reactor.core.publisher.MonoRepeatPredicate.subscribeOrReturn(MonoRepeatPredicate.java:48) ~[reactor-core-3.4.13.jar:3.4.13]
	at reactor.core.publisher.InternalFluxOperator.subscribe(InternalFluxOperator.java:55) ~[reactor-core-3.4.13.jar:3.4.13]
	at reactor.core.publisher.FluxSubscribeOn$SubscribeOnSubscriber.run(FluxSubscribeOn.java:194) ~[reactor-core-3.4.13.jar:3.4.13]
	at reactor.core.scheduler.WorkerTask.call(WorkerTask.java:84) ~[reactor-core-3.4.13.jar:3.4.13]
	at reactor.core.scheduler.WorkerTask.call(WorkerTask.java:37) ~[reactor-core-3.4.13.jar:3.4.13]
	at java.util.concurrent.FutureTask.run(FutureTask.java:317) ~[?:?]
	at java.util.concurrent.ScheduledThreadPoolExecutor$ScheduledFutureTask.run(ScheduledThreadPoolExecutor.java:304) ~[?:?]
	at java.util.concurrent.ThreadPoolExecutor.runWorker(ThreadPoolExecutor.java:1144) ~[?:?]
	at java.util.concurrent.ThreadPoolExecutor$Worker.run(ThreadPoolExecutor.java:642) ~[?:?]
	at java.lang.Thread.run(Thread.java:1583) ~[?:?]
Caused by: javax.jms.JMSException: java.lang.InterruptedException
	at org.apache.activemq.util.JMSExceptionSupport.create(JMSExceptionSupport.java:80) ~[activemq-client-5.17.2.jar:5.17.2]
	at org.apache.activemq.ActiveMQMessageConsumer.dequeue(ActiveMQMessageConsumer.java:535) ~[activemq-client-5.17.2.jar:5.17.2]
	at org.apache.activemq.ActiveMQMessageConsumer.receive(ActiveMQMessageConsumer.java:663) ~[activemq-client-5.17.2.jar:5.17.2]
	at org.apache.james.queue.jms.JMSCacheableMailQueue.deQueueOneItem(JMSCacheableMailQueue.java:245) ~[james-server-queue-jms-3.7.5.jar:3.7.5]
	at reactor.core.publisher.MonoDefer.subscribe(MonoDefer.java:44) ~[reactor-core-3.4.13.jar:3.4.13]
	at reactor.core.publisher.FluxRepeatPredicate$RepeatPredicateSubscriber.resubscribe(FluxRepeatPredicate.java:120) ~[reactor-core-3.4.13.jar:3.4.13]
	at reactor.core.publisher.MonoRepeatPredicate.subscribeOrReturn(MonoRepeatPredicate.java:48) ~[reactor-core-3.4.13.jar:3.4.13]
	at reactor.core.publisher.InternalFluxOperator.subscribe(InternalFluxOperator.java:55) ~[reactor-core-3.4.13.jar:3.4.13]
	at reactor.core.publisher.FluxSubscribeOn$SubscribeOnSubscriber.run(FluxSubscribeOn.java:194) ~[reactor-core-3.4.13.jar:3.4.13]
	at reactor.core.scheduler.WorkerTask.call(WorkerTask.java:84) ~[reactor-core-3.4.13.jar:3.4.13]
	at reactor.core.scheduler.WorkerTask.call(WorkerTask.java:37) ~[reactor-core-3.4.13.jar:3.4.13]
	at java.util.concurrent.FutureTask.run(FutureTask.java:317) ~[?:?]
	at java.util.concurrent.ScheduledThreadPoolExecutor$ScheduledFutureTask.run(ScheduledThreadPoolExecutor.java:304) ~[?:?]
	at java.util.concurrent.ThreadPoolExecutor.runWorker(ThreadPoolExecutor.java:1144) ~[?:?]
	at java.util.concurrent.ThreadPoolExecutor$Worker.run(ThreadPoolExecutor.java:642) ~[?:?]
	at java.lang.Thread.run(Thread.java:1583) ~[?:?]
Caused by: java.lang.InterruptedException
	at java.lang.Object.wait0(Native Method) ~[?:?]
	at java.lang.Object.wait(Object.java:366) ~[?:?]
	at java.lang.Object.wait(Object.java:339) ~[?:?]
	at org.apache.activemq.FifoMessageDispatchChannel.dequeue(FifoMessageDispatchChannel.java:72) ~[activemq-client-5.17.2.jar:5.17.2]
	at org.apache.activemq.ActiveMQMessageConsumer.dequeue(ActiveMQMessageConsumer.java:498) ~[activemq-client-5.17.2.jar:5.17.2]
	at org.apache.activemq.ActiveMQMessageConsumer.receive(ActiveMQMessageConsumer.java:663) ~[activemq-client-5.17.2.jar:5.17.2]
	at org.apache.james.queue.jms.JMSCacheableMailQueue.deQueueOneItem(JMSCacheableMailQueue.java:245) ~[james-server-queue-jms-3.7.5.jar:3.7.5]
	at reactor.core.publisher.MonoDefer.subscribe(MonoDefer.java:44) ~[reactor-core-3.4.13.jar:3.4.13]
	at reactor.core.publisher.FluxRepeatPredicate$RepeatPredicateSubscriber.resubscribe(FluxRepeatPredicate.java:120) ~[reactor-core-3.4.13.jar:3.4.13]
	at reactor.core.publisher.MonoRepeatPredicate.subscribeOrReturn(MonoRepeatPredicate.java:48) ~[reactor-core-3.4.13.jar:3.4.13]
	at reactor.core.publisher.InternalFluxOperator.subscribe(InternalFluxOperator.java:55) ~[reactor-core-3.4.13.jar:3.4.13]
	at reactor.core.publisher.FluxSubscribeOn$SubscribeOnSubscriber.run(FluxSubscribeOn.java:194) ~[reactor-core-3.4.13.jar:3.4.13]
	at reactor.core.scheduler.WorkerTask.call(WorkerTask.java:84) ~[reactor-core-3.4.13.jar:3.4.13]
	at reactor.core.scheduler.WorkerTask.call(WorkerTask.java:37) ~[reactor-core-3.4.13.jar:3.4.13]
	at java.util.concurrent.FutureTask.run(FutureTask.java:317) ~[?:?]
	at java.util.concurrent.ScheduledThreadPoolExecutor$ScheduledFutureTask.run(ScheduledThreadPoolExecutor.java:304) ~[?:?]
	at java.util.concurrent.ThreadPoolExecutor.runWorker(ThreadPoolExecutor.java:1144) ~[?:?]
	at java.util.concurrent.ThreadPoolExecutor$Worker.run(ThreadPoolExecutor.java:642) ~[?:?]
	at java.lang.Thread.run(Thread.java:1583) ~[?:?]
23-3월-2024 14:24:08.184 ERROR [queueScheduler-1] reactor.util.Loggers$Slf4JLogger.error:315 - Operator called default onErrorDropped
reactor.core.Exceptions$ErrorCallbackNotImplemented: org.apache.james.queue.api.MailQueue$MailQueueException: Unable to dequeue next message;
  nested exception is:
	javax.jms.JMSException: java.lang.InterruptedException
Caused by: org.apache.james.queue.api.MailQueue$MailQueueException: Unable to dequeue next message
	at org.apache.james.queue.jms.JMSCacheableMailQueue.deQueueOneItem(JMSCacheableMailQueue.java:260) ~[james-server-queue-jms-3.7.5.jar:3.7.5]
	at reactor.core.publisher.MonoDefer.subscribe(MonoDefer.java:44) ~[reactor-core-3.4.13.jar:3.4.13]
	at reactor.core.publisher.FluxRepeatPredicate$RepeatPredicateSubscriber.resubscribe(FluxRepeatPredicate.java:120) ~[reactor-core-3.4.13.jar:3.4.13]
	at reactor.core.publisher.MonoRepeatPredicate.subscribeOrReturn(MonoRepeatPredicate.java:48) ~[reactor-core-3.4.13.jar:3.4.13]
	at reactor.core.publisher.InternalFluxOperator.subscribe(InternalFluxOperator.java:55) ~[reactor-core-3.4.13.jar:3.4.13]
	at reactor.core.publisher.FluxSubscribeOn$SubscribeOnSubscriber.run(FluxSubscribeOn.java:194) ~[reactor-core-3.4.13.jar:3.4.13]
	at reactor.core.scheduler.WorkerTask.call(WorkerTask.java:84) ~[reactor-core-3.4.13.jar:3.4.13]
	at reactor.core.scheduler.WorkerTask.call(WorkerTask.java:37) ~[reactor-core-3.4.13.jar:3.4.13]
	at java.util.concurrent.FutureTask.run(FutureTask.java:317) ~[?:?]
	at java.util.concurrent.ScheduledThreadPoolExecutor$ScheduledFutureTask.run(ScheduledThreadPoolExecutor.java:304) ~[?:?]
	at java.util.concurrent.ThreadPoolExecutor.runWorker(ThreadPoolExecutor.java:1144) ~[?:?]
	at java.util.concurrent.ThreadPoolExecutor$Worker.run(ThreadPoolExecutor.java:642) ~[?:?]
	at java.lang.Thread.run(Thread.java:1583) ~[?:?]
Caused by: javax.jms.JMSException: java.lang.InterruptedException
	at org.apache.activemq.util.JMSExceptionSupport.create(JMSExceptionSupport.java:80) ~[activemq-client-5.17.2.jar:5.17.2]
	at org.apache.activemq.ActiveMQMessageConsumer.dequeue(ActiveMQMessageConsumer.java:535) ~[activemq-client-5.17.2.jar:5.17.2]
	at org.apache.activemq.ActiveMQMessageConsumer.receive(ActiveMQMessageConsumer.java:663) ~[activemq-client-5.17.2.jar:5.17.2]
	at org.apache.james.queue.jms.JMSCacheableMailQueue.deQueueOneItem(JMSCacheableMailQueue.java:245) ~[james-server-queue-jms-3.7.5.jar:3.7.5]
	at reactor.core.publisher.MonoDefer.subscribe(MonoDefer.java:44) ~[reactor-core-3.4.13.jar:3.4.13]
	at reactor.core.publisher.FluxRepeatPredicate$RepeatPredicateSubscriber.resubscribe(FluxRepeatPredicate.java:120) ~[reactor-core-3.4.13.jar:3.4.13]
	at reactor.core.publisher.MonoRepeatPredicate.subscribeOrReturn(MonoRepeatPredicate.java:48) ~[reactor-core-3.4.13.jar:3.4.13]
	at reactor.core.publisher.InternalFluxOperator.subscribe(InternalFluxOperator.java:55) ~[reactor-core-3.4.13.jar:3.4.13]
	at reactor.core.publisher.FluxSubscribeOn$SubscribeOnSubscriber.run(FluxSubscribeOn.java:194) ~[reactor-core-3.4.13.jar:3.4.13]
	at reactor.core.scheduler.WorkerTask.call(WorkerTask.java:84) ~[reactor-core-3.4.13.jar:3.4.13]
	at reactor.core.scheduler.WorkerTask.call(WorkerTask.java:37) ~[reactor-core-3.4.13.jar:3.4.13]
	at java.util.concurrent.FutureTask.run(FutureTask.java:317) ~[?:?]
	at java.util.concurrent.ScheduledThreadPoolExecutor$ScheduledFutureTask.run(ScheduledThreadPoolExecutor.java:304) ~[?:?]
	at java.util.concurrent.ThreadPoolExecutor.runWorker(ThreadPoolExecutor.java:1144) ~[?:?]
	at java.util.concurrent.ThreadPoolExecutor$Worker.run(ThreadPoolExecutor.java:642) ~[?:?]
	at java.lang.Thread.run(Thread.java:1583) ~[?:?]
Caused by: java.lang.InterruptedException
	at java.lang.Object.wait0(Native Method) ~[?:?]
	at java.lang.Object.wait(Object.java:366) ~[?:?]
	at java.lang.Object.wait(Object.java:339) ~[?:?]
	at org.apache.activemq.FifoMessageDispatchChannel.dequeue(FifoMessageDispatchChannel.java:72) ~[activemq-client-5.17.2.jar:5.17.2]
	at org.apache.activemq.ActiveMQMessageConsumer.dequeue(ActiveMQMessageConsumer.java:498) ~[activemq-client-5.17.2.jar:5.17.2]
	at org.apache.activemq.ActiveMQMessageConsumer.receive(ActiveMQMessageConsumer.java:663) ~[activemq-client-5.17.2.jar:5.17.2]
	at org.apache.james.queue.jms.JMSCacheableMailQueue.deQueueOneItem(JMSCacheableMailQueue.java:245) ~[james-server-queue-jms-3.7.5.jar:3.7.5]
	at reactor.core.publisher.MonoDefer.subscribe(MonoDefer.java:44) ~[reactor-core-3.4.13.jar:3.4.13]
	at reactor.core.publisher.FluxRepeatPredicate$RepeatPredicateSubscriber.resubscribe(FluxRepeatPredicate.java:120) ~[reactor-core-3.4.13.jar:3.4.13]
	at reactor.core.publisher.MonoRepeatPredicate.subscribeOrReturn(MonoRepeatPredicate.java:48) ~[reactor-core-3.4.13.jar:3.4.13]
	at reactor.core.publisher.InternalFluxOperator.subscribe(InternalFluxOperator.java:55) ~[reactor-core-3.4.13.jar:3.4.13]
	at reactor.core.publisher.FluxSubscribeOn$SubscribeOnSubscriber.run(FluxSubscribeOn.java:194) ~[reactor-core-3.4.13.jar:3.4.13]
	at reactor.core.scheduler.WorkerTask.call(WorkerTask.java:84) ~[reactor-core-3.4.13.jar:3.4.13]
	at reactor.core.scheduler.WorkerTask.call(WorkerTask.java:37) ~[reactor-core-3.4.13.jar:3.4.13]
	at java.util.concurrent.FutureTask.run(FutureTask.java:317) ~[?:?]
	at java.util.concurrent.ScheduledThreadPoolExecutor$ScheduledFutureTask.run(ScheduledThreadPoolExecutor.java:304) ~[?:?]
	at java.util.concurrent.ThreadPoolExecutor.runWorker(ThreadPoolExecutor.java:1144) ~[?:?]
	at java.util.concurrent.ThreadPoolExecutor$Worker.run(ThreadPoolExecutor.java:642) ~[?:?]
	at java.lang.Thread.run(Thread.java:1583) ~[?:?]
23-3월-2024 15:17:35.873 ERROR [queueScheduler-1] reactor.util.Loggers$Slf4JLogger.error:315 - Operator called default onErrorDropped
reactor.core.Exceptions$ErrorCallbackNotImplemented: org.apache.james.queue.api.MailQueue$MailQueueException: Unable to dequeue next message;
  nested exception is:
	javax.jms.JMSException: java.lang.InterruptedException
Caused by: org.apache.james.queue.api.MailQueue$MailQueueException: Unable to dequeue next message
	at org.apache.james.queue.jms.JMSCacheableMailQueue.deQueueOneItem(JMSCacheableMailQueue.java:260) ~[james-server-queue-jms-3.7.5.jar:3.7.5]
	at reactor.core.publisher.MonoDefer.subscribe(MonoDefer.java:44) ~[reactor-core-3.4.13.jar:3.4.13]
	at reactor.core.publisher.FluxRepeatPredicate$RepeatPredicateSubscriber.resubscribe(FluxRepeatPredicate.java:120) ~[reactor-core-3.4.13.jar:3.4.13]
	at reactor.core.publisher.MonoRepeatPredicate.subscribeOrReturn(MonoRepeatPredicate.java:48) ~[reactor-core-3.4.13.jar:3.4.13]
	at reactor.core.publisher.InternalFluxOperator.subscribe(InternalFluxOperator.java:55) ~[reactor-core-3.4.13.jar:3.4.13]
	at reactor.core.publisher.FluxSubscribeOn$SubscribeOnSubscriber.run(FluxSubscribeOn.java:194) ~[reactor-core-3.4.13.jar:3.4.13]
	at reactor.core.scheduler.WorkerTask.call(WorkerTask.java:84) ~[reactor-core-3.4.13.jar:3.4.13]
	at reactor.core.scheduler.WorkerTask.call(WorkerTask.java:37) ~[reactor-core-3.4.13.jar:3.4.13]
	at java.util.concurrent.FutureTask.run(FutureTask.java:317) ~[?:?]
	at java.util.concurrent.ScheduledThreadPoolExecutor$ScheduledFutureTask.run(ScheduledThreadPoolExecutor.java:304) ~[?:?]
	at java.util.concurrent.ThreadPoolExecutor.runWorker(ThreadPoolExecutor.java:1144) ~[?:?]
	at java.util.concurrent.ThreadPoolExecutor$Worker.run(ThreadPoolExecutor.java:642) ~[?:?]
	at java.lang.Thread.run(Thread.java:1583) ~[?:?]
Caused by: javax.jms.JMSException: java.lang.InterruptedException
	at org.apache.activemq.util.JMSExceptionSupport.create(JMSExceptionSupport.java:80) ~[activemq-client-5.17.2.jar:5.17.2]
	at org.apache.activemq.ActiveMQMessageConsumer.dequeue(ActiveMQMessageConsumer.java:535) ~[activemq-client-5.17.2.jar:5.17.2]
	at org.apache.activemq.ActiveMQMessageConsumer.receive(ActiveMQMessageConsumer.java:663) ~[activemq-client-5.17.2.jar:5.17.2]
	at org.apache.james.queue.jms.JMSCacheableMailQueue.deQueueOneItem(JMSCacheableMailQueue.java:245) ~[james-server-queue-jms-3.7.5.jar:3.7.5]
	at reactor.core.publisher.MonoDefer.subscribe(MonoDefer.java:44) ~[reactor-core-3.4.13.jar:3.4.13]
	at reactor.core.publisher.FluxRepeatPredicate$RepeatPredicateSubscriber.resubscribe(FluxRepeatPredicate.java:120) ~[reactor-core-3.4.13.jar:3.4.13]
	at reactor.core.publisher.MonoRepeatPredicate.subscribeOrReturn(MonoRepeatPredicate.java:48) ~[reactor-core-3.4.13.jar:3.4.13]
	at reactor.core.publisher.InternalFluxOperator.subscribe(InternalFluxOperator.java:55) ~[reactor-core-3.4.13.jar:3.4.13]
	at reactor.core.publisher.FluxSubscribeOn$SubscribeOnSubscriber.run(FluxSubscribeOn.java:194) ~[reactor-core-3.4.13.jar:3.4.13]
	at reactor.core.scheduler.WorkerTask.call(WorkerTask.java:84) ~[reactor-core-3.4.13.jar:3.4.13]
	at reactor.core.scheduler.WorkerTask.call(WorkerTask.java:37) ~[reactor-core-3.4.13.jar:3.4.13]
	at java.util.concurrent.FutureTask.run(FutureTask.java:317) ~[?:?]
	at java.util.concurrent.ScheduledThreadPoolExecutor$ScheduledFutureTask.run(ScheduledThreadPoolExecutor.java:304) ~[?:?]
	at java.util.concurrent.ThreadPoolExecutor.runWorker(ThreadPoolExecutor.java:1144) ~[?:?]
	at java.util.concurrent.ThreadPoolExecutor$Worker.run(ThreadPoolExecutor.java:642) ~[?:?]
	at java.lang.Thread.run(Thread.java:1583) ~[?:?]
Caused by: java.lang.InterruptedException
	at java.lang.Object.wait0(Native Method) ~[?:?]
	at java.lang.Object.wait(Object.java:366) ~[?:?]
	at java.lang.Object.wait(Object.java:339) ~[?:?]
	at org.apache.activemq.FifoMessageDispatchChannel.dequeue(FifoMessageDispatchChannel.java:72) ~[activemq-client-5.17.2.jar:5.17.2]
	at org.apache.activemq.ActiveMQMessageConsumer.dequeue(ActiveMQMessageConsumer.java:498) ~[activemq-client-5.17.2.jar:5.17.2]
	at org.apache.activemq.ActiveMQMessageConsumer.receive(ActiveMQMessageConsumer.java:663) ~[activemq-client-5.17.2.jar:5.17.2]
	at org.apache.james.queue.jms.JMSCacheableMailQueue.deQueueOneItem(JMSCacheableMailQueue.java:245) ~[james-server-queue-jms-3.7.5.jar:3.7.5]
	at reactor.core.publisher.MonoDefer.subscribe(MonoDefer.java:44) ~[reactor-core-3.4.13.jar:3.4.13]
	at reactor.core.publisher.FluxRepeatPredicate$RepeatPredicateSubscriber.resubscribe(FluxRepeatPredicate.java:120) ~[reactor-core-3.4.13.jar:3.4.13]
	at reactor.core.publisher.MonoRepeatPredicate.subscribeOrReturn(MonoRepeatPredicate.java:48) ~[reactor-core-3.4.13.jar:3.4.13]
	at reactor.core.publisher.InternalFluxOperator.subscribe(InternalFluxOperator.java:55) ~[reactor-core-3.4.13.jar:3.4.13]
	at reactor.core.publisher.FluxSubscribeOn$SubscribeOnSubscriber.run(FluxSubscribeOn.java:194) ~[reactor-core-3.4.13.jar:3.4.13]
	at reactor.core.scheduler.WorkerTask.call(WorkerTask.java:84) ~[reactor-core-3.4.13.jar:3.4.13]
	at reactor.core.scheduler.WorkerTask.call(WorkerTask.java:37) ~[reactor-core-3.4.13.jar:3.4.13]
	at java.util.concurrent.FutureTask.run(FutureTask.java:317) ~[?:?]
	at java.util.concurrent.ScheduledThreadPoolExecutor$ScheduledFutureTask.run(ScheduledThreadPoolExecutor.java:304) ~[?:?]
	at java.util.concurrent.ThreadPoolExecutor.runWorker(ThreadPoolExecutor.java:1144) ~[?:?]
	at java.util.concurrent.ThreadPoolExecutor$Worker.run(ThreadPoolExecutor.java:642) ~[?:?]
	at java.lang.Thread.run(Thread.java:1583) ~[?:?]
23-3월-2024 16:49:06.409 ERROR [queueScheduler-1] reactor.util.Loggers$Slf4JLogger.error:315 - Scheduler worker in group main failed with an uncaught exception
java.lang.ExceptionInInitializerError: null
	at org.apache.mailet.Serializer$Registry.<clinit>(Serializer.java:79) ~[apache-mailet-api-3.7.5.jar:3.7.5]
	at org.apache.mailet.AttributeValue.findSerializerAndDeserialize(AttributeValue.java:206) ~[apache-mailet-api-3.7.5.jar:3.7.5]
	at org.apache.mailet.AttributeValue.lambda$deserialize$1(AttributeValue.java:202) ~[apache-mailet-api-3.7.5.jar:3.7.5]
	at java.util.Optional.flatMap(Optional.java:289) ~[?:?]
	at org.apache.mailet.AttributeValue.lambda$deserialize$2(AttributeValue.java:202) ~[apache-mailet-api-3.7.5.jar:3.7.5]
	at java.util.Optional.flatMap(Optional.java:289) ~[?:?]
	at org.apache.mailet.AttributeValue.deserialize(AttributeValue.java:201) ~[apache-mailet-api-3.7.5.jar:3.7.5]
	at java.util.Optional.flatMap(Optional.java:289) ~[?:?]
	at org.apache.mailet.AttributeValue.fromJson(AttributeValue.java:191) ~[apache-mailet-api-3.7.5.jar:3.7.5]
	at org.apache.mailet.AttributeValue.fromJsonString(AttributeValue.java:175) ~[apache-mailet-api-3.7.5.jar:3.7.5]
	at org.apache.james.queue.jms.JMSCacheableMailQueue.mailAttribute(JMSCacheableMailQueue.java:482) ~[james-server-queue-jms-3.7.5.jar:3.7.5]
	at org.apache.james.queue.jms.JMSCacheableMailQueue.lambda$populateMail$8(JMSCacheableMailQueue.java:467) ~[james-server-queue-jms-3.7.5.jar:3.7.5]
	at java.util.stream.ReferencePipeline$7$1.accept(ReferencePipeline.java:273) ~[?:?]
	at java.util.ArrayList$ArrayListSpliterator.forEachRemaining(ArrayList.java:1708) ~[?:?]
	at java.util.stream.AbstractPipeline.copyInto(AbstractPipeline.java:509) ~[?:?]
	at java.util.stream.AbstractPipeline.wrapAndCopyInto(AbstractPipeline.java:499) ~[?:?]
	at java.util.stream.ReduceOps$ReduceOp.evaluateSequential(ReduceOps.java:921) ~[?:?]
	at java.util.stream.AbstractPipeline.evaluate(AbstractPipeline.java:234) ~[?:?]
	at java.util.stream.ReferencePipeline.collect(ReferencePipeline.java:682) ~[?:?]
	at org.apache.james.queue.jms.JMSCacheableMailQueue.populateMail(JMSCacheableMailQueue.java:468) ~[james-server-queue-jms-3.7.5.jar:3.7.5]
	at org.apache.james.queue.activemq.ActiveMQCacheableMailQueue.populateMail(ActiveMQCacheableMailQueue.java:125) ~[james-server-queue-activemq-3.7.5.jar:3.7.5]
	at org.apache.james.queue.jms.JMSCacheableMailQueue.createMail(JMSCacheableMailQueue.java:391) ~[james-server-queue-jms-3.7.5.jar:3.7.5]
	at org.apache.james.queue.activemq.ActiveMQCacheableMailQueue.createMailQueueItem(ActiveMQCacheableMailQueue.java:234) ~[james-server-queue-activemq-3.7.5.jar:3.7.5]
	at org.apache.james.queue.jms.JMSCacheableMailQueue.deQueueOneItem(JMSCacheableMailQueue.java:249) ~[james-server-queue-jms-3.7.5.jar:3.7.5]
	at reactor.core.publisher.MonoDefer.subscribe(MonoDefer.java:44) ~[reactor-core-3.4.13.jar:3.4.13]
	at reactor.core.publisher.FluxRepeatPredicate$RepeatPredicateSubscriber.resubscribe(FluxRepeatPredicate.java:120) ~[reactor-core-3.4.13.jar:3.4.13]
	at reactor.core.publisher.MonoRepeatPredicate.subscribeOrReturn(MonoRepeatPredicate.java:48) ~[reactor-core-3.4.13.jar:3.4.13]
	at reactor.core.publisher.InternalFluxOperator.subscribe(InternalFluxOperator.java:55) ~[reactor-core-3.4.13.jar:3.4.13]
	at reactor.core.publisher.FluxSubscribeOn$SubscribeOnSubscriber.run(FluxSubscribeOn.java:194) ~[reactor-core-3.4.13.jar:3.4.13]
	at reactor.core.scheduler.WorkerTask.call(WorkerTask.java:84) ~[reactor-core-3.4.13.jar:3.4.13]
	at reactor.core.scheduler.WorkerTask.call(WorkerTask.java:37) ~[reactor-core-3.4.13.jar:3.4.13]
	at java.util.concurrent.FutureTask.run(FutureTask.java:317) ~[?:?]
	at java.util.concurrent.ScheduledThreadPoolExecutor$ScheduledFutureTask.run(ScheduledThreadPoolExecutor.java:304) ~[?:?]
	at java.util.concurrent.ThreadPoolExecutor.runWorker(ThreadPoolExecutor.java:1144) ~[?:?]
	at java.util.concurrent.ThreadPoolExecutor$Worker.run(ThreadPoolExecutor.java:642) ~[?:?]
	at java.lang.Thread.run(Thread.java:1583) ~[?:?]
Caused by: java.lang.reflect.InaccessibleObjectException: Unable to make field private final byte[] java.lang.String.value accessible: module java.base does not "opens java.lang" to unnamed module @516be40f
	at java.lang.reflect.AccessibleObject.throwInaccessibleObjectException(AccessibleObject.java:391) ~[?:?]
	at java.lang.reflect.AccessibleObject.checkCanSetAccessible(AccessibleObject.java:367) ~[?:?]
	at java.lang.reflect.AccessibleObject.checkCanSetAccessible(AccessibleObject.java:315) ~[?:?]
	at java.lang.reflect.Field.checkCanSetAccessible(Field.java:183) ~[?:?]
	at java.lang.reflect.Field.setAccessible(Field.java:177) ~[?:?]
	at org.nustaq.serialization.FSTClazzInfo.createFieldInfo(FSTClazzInfo.java:512) ~[fst-2.57.jar:?]
	at org.nustaq.serialization.FSTClazzInfo.createFields(FSTClazzInfo.java:368) ~[fst-2.57.jar:?]
	at org.nustaq.serialization.FSTClazzInfo.<init>(FSTClazzInfo.java:129) ~[fst-2.57.jar:?]
	at org.nustaq.serialization.FSTClazzInfoRegistry.getCLInfo(FSTClazzInfoRegistry.java:129) ~[fst-2.57.jar:?]
	at org.nustaq.serialization.FSTClazzNameRegistry.addClassMapping(FSTClazzNameRegistry.java:98) ~[fst-2.57.jar:?]
	at org.nustaq.serialization.FSTClazzNameRegistry.registerClassNoLookup(FSTClazzNameRegistry.java:85) ~[fst-2.57.jar:?]
	at org.nustaq.serialization.FSTClazzNameRegistry.registerClass(FSTClazzNameRegistry.java:81) ~[fst-2.57.jar:?]
	at org.nustaq.serialization.FSTConfiguration.addDefaultClazzes(FSTConfiguration.java:807) ~[fst-2.57.jar:?]
	at org.nustaq.serialization.FSTConfiguration.initDefaultFstConfigurationInternal(FSTConfiguration.java:477) ~[fst-2.57.jar:?]
	at org.nustaq.serialization.FSTConfiguration.createDefaultConfiguration(FSTConfiguration.java:472) ~[fst-2.57.jar:?]
	at org.nustaq.serialization.FSTConfiguration.createMinBinConfiguration(FSTConfiguration.java:229) ~[fst-2.57.jar:?]
	at org.nustaq.serialization.FSTConfiguration.constructJsonConf(FSTConfiguration.java:319) ~[fst-2.57.jar:?]
	at org.nustaq.serialization.FSTConfiguration.createJsonConfiguration(FSTConfiguration.java:301) ~[fst-2.57.jar:?]
	at org.nustaq.serialization.FSTConfiguration.createJsonConfiguration(FSTConfiguration.java:290) ~[fst-2.57.jar:?]
	at org.nustaq.serialization.FSTConfiguration.createJsonConfiguration(FSTConfiguration.java:294) ~[fst-2.57.jar:?]
	at org.apache.mailet.Serializer$FSTSerializer.<clinit>(Serializer.java:578) ~[apache-mailet-api-3.7.5.jar:3.7.5]
	... 36 more
